
ec: system execution failed.
Following is the set of recorded exceptions:

******************************** Thread exception *****************************
In thread           Root thread            0x0 (thread id)
*******************************************************************************
-------------------------------------------------------------------------------
Class / Object      Routine                Nature of exception           Effect
-------------------------------------------------------------------------------
ISE_EXCEPTION_MANAGER
                    raise @9               Compiler error:
<0000021127FAC6E8>                         Developer exception.          Fail
-------------------------------------------------------------------------------
ISE_EXCEPTION_MANAGER
                    raise @9               
<0000021127FAC6E8>                         Routine failure.              Fail
-------------------------------------------------------------------------------
DEVELOPER_EXCEPTION raise @1                                            
<0000021127FAC638>  (From EXCEPTION)       Routine failure.              Fail
-------------------------------------------------------------------------------
ERROR_HANDLER       raise @3                                            
<0000021128C91628>  (From EXCEPTIONS)      Routine failure.              Fail
-------------------------------------------------------------------------------
ERROR_HANDLER       raise_error @2                                      
<0000021128C91628>                         Routine failure.              Fail
-------------------------------------------------------------------------------
ERROR_HANDLER       checksum @2                                         
<0000021128C91628>                         Routine failure.              Fail
-------------------------------------------------------------------------------
DEGREE_3            execute @40                                         
<0000021129571DA8>                         Routine failure.              Fail
-------------------------------------------------------------------------------
SYSTEM_I            process_degree_3 @2                                 
<0000021128E2EE18>                         Routine failure.              Rescue
-------------------------------------------------------------------------------
SYSTEM_I            do_recompilation @64                                
<0000021128E2EE18>                         Routine failure.              Fail
-------------------------------------------------------------------------------
SYSTEM_I            recompile @6                                        
<0000021128E2EE18>                         Routine failure.              Rescue
-------------------------------------------------------------------------------
WORKBENCH_I         recompile @23                                       
<0000021128D7ED98>                         Routine failure.              Rescue
-------------------------------------------------------------------------------
~~~~~~~~~~~~~~~~~~~~~~~~~~~~~~~ entering level 1 ~~~~~~~~~~~~~~~~~~~~~~~~~~~~~~
-------------------------------------------------------------------------------
CONSOLE             put_new_line @1        FILE: unable to write CHARACTER value.:
<0000021128E0A1B8>                         Runtime I/O error.            Fail
-------------------------------------------------------------------------------
CONSOLE             put_new_line @1                                     
<0000021128E0A1B8>                         Routine failure.              Fail
-------------------------------------------------------------------------------
TERM_WINDOW         put_new_line @1                                     
<0000021128C91668>                         Routine failure.              Fail
-------------------------------------------------------------------------------
TERM_WINDOW         process_new_line @1                                 
<0000021128C91668>  (From OUTPUT_WINDOW)   Routine failure.              Fail
-------------------------------------------------------------------------------
TERM_WINDOW         add_new_line @1                                     
<0000021128C91668>  (From TEXT_FORMATTER)  Routine failure.              Fail
-------------------------------------------------------------------------------
DEFAULT_ERROR_DISPLAYER
                    trace_errors @10       
<0000021128CF7D18>                         Routine failure.              Rescue
-------------------------------------------------------------------------------
DEFAULT_ERROR_DISPLAYER
                    trace @4               
<0000021128CF7D18>                         Routine failure.              Fail
-------------------------------------------------------------------------------
ERROR_HANDLER       trace @2                                            
<0000021128C91628>                         Routine failure.              Fail
-------------------------------------------------------------------------------
~~~~~~~~~~~~~~~~~~~~~~~~~~~~~~~ back to level 0 ~~~~~~~~~~~~~~~~~~~~~~~~~~~~~~~
-------------------------------------------------------------------------------
WORKBENCH_I         recompile @55                                       
<0000021128D7ED98>                         Exception in rescue clause.   Fail
-------------------------------------------------------------------------------
E_PROJECT           melt @7                                             
<0000021128D7FA78>                         Routine failure.              Rescue
-------------------------------------------------------------------------------
E_PROJECT           quick_melt @3                                       
<0000021128D7FA78>                         Routine failure.              Fail
-------------------------------------------------------------------------------
EWB_QUICK_MELT      perform_compilation @1                              
<0000021128D99B58>                         Routine failure.              Fail
-------------------------------------------------------------------------------
EWB_QUICK_MELT      compile @3                                          
<0000021128D99B58>  (From EWB_COMP)        Routine failure.              Fail
-------------------------------------------------------------------------------
EWB_QUICK_MELT      execute @6                                          
<0000021128D99B58>  (From EWB_COMP)        Routine failure.              Fail
-------------------------------------------------------------------------------
ES_BATCH            execute @45                                         
<0000021128DB9D78>  (From ES)              Routine failure.              Rescue
-------------------------------------------------------------------------------
~~~~~~~~~~~~~~~~~~~~~~~~~~~~~~~ entering level 1 ~~~~~~~~~~~~~~~~~~~~~~~~~~~~~~
-------------------------------------------------------------------------------
CONSOLE             put_string @4          FILE: unable to write STRING object.:
<0000021128E0A1B8>                         Runtime I/O error.            Fail
-------------------------------------------------------------------------------
CONSOLE             put_string @4                                       
<0000021128E0A1B8>                         Routine failure.              Fail
-------------------------------------------------------------------------------
CONSOLE             put_string_general @17                              
<0000021128E0A1B8>  (From PLAIN_TEXT_FILE) Routine failure.              Fail
-------------------------------------------------------------------------------
CONSOLE             put_string_32 @1                                    
<0000021128E0A1B8>  (From PLAIN_TEXT_FILE) Routine failure.              Fail
-------------------------------------------------------------------------------
ES_BATCH            localized_print_error @4
<0000021128DB9D78>  (From LOCALIZED_PRINTER)
                                           Routine failure.              Fail
-------------------------------------------------------------------------------
~~~~~~~~~~~~~~~~~~~~~~~~~~~~~~~ back to level 0 ~~~~~~~~~~~~~~~~~~~~~~~~~~~~~~~
-------------------------------------------------------------------------------
ES_BATCH            execute @69                                         
<0000021128DB9D78>  (From ES)              Exception in rescue clause.   Fail
-------------------------------------------------------------------------------
ES_BATCH            make @13                                            
<0000021128DB9D78>  (From ES)              Routine failure.              Fail
-------------------------------------------------------------------------------
EB_KERNEL           make @5                                             
<0000021128C61F78>                         Routine failure.              Fail
-------------------------------------------------------------------------------
EB_KERNEL           root's creation                                     
<0000021128C61F78>                         Routine failure.              Exit
-------------------------------------------------------------------------------
